\BOOKMARK [1][-]{section.1}{Introdu\347\343o}{}% 1
\BOOKMARK [2][-]{subsection.1.1}{Resumo}{section.1}% 2
\BOOKMARK [2][-]{subsection.1.2}{Abstract}{section.1}% 3
\BOOKMARK [2][-]{subsection.1.3}{Objetivos}{section.1}% 4
\BOOKMARK [2][-]{subsection.1.4}{Motiva\347\343o e Justificativa}{section.1}% 5
\BOOKMARK [1][-]{section.2}{Fundamenta\347\343o Te\363rica}{}% 6
\BOOKMARK [2][-]{subsection.2.1}{Vis\343o geral do sistema}{section.2}% 7
\BOOKMARK [2][-]{subsection.2.2}{Camada Supervis\363ria}{section.2}% 8
\BOOKMARK [3][-]{subsubsection.2.2.1}{Hardware}{subsection.2.2}% 9
\BOOKMARK [3][-]{subsubsection.2.2.2}{Software}{subsection.2.2}% 10
\BOOKMARK [2][-]{subsection.2.3}{Camada de Alto N\355vel}{section.2}% 11
\BOOKMARK [3][-]{subsubsection.2.3.1}{Hardware}{subsection.2.3}% 12
\BOOKMARK [3][-]{subsubsection.2.3.2}{Software}{subsection.2.3}% 13
\BOOKMARK [2][-]{subsection.2.4}{Camada de Baixo N\355vel}{section.2}% 14
\BOOKMARK [3][-]{subsubsection.2.4.1}{Hardware}{subsection.2.4}% 15
\BOOKMARK [3][-]{subsubsection.2.4.2}{Software}{subsection.2.4}% 16
\BOOKMARK [2][-]{subsection.2.5}{Protocolo de Comunica\347\343o}{section.2}% 17
\BOOKMARK [2][-]{subsection.2.6}{Bibliotecas Externas}{section.2}% 18
\BOOKMARK [1][-]{section.3}{Projeto}{}% 19
\BOOKMARK [2][-]{subsection.3.1}{Projeto do Software Supervisor Remoto}{section.3}% 20
\BOOKMARK [3][-]{subsubsection.3.1.1}{Levantamento de Requisitos}{subsection.3.1}% 21
\BOOKMARK [3][-]{subsubsection.3.1.2}{Estudo de Casos de Uso}{subsection.3.1}% 22
\BOOKMARK [3][-]{subsubsection.3.1.3}{Diagrama de Classes}{subsection.3.1}% 23
\BOOKMARK [2][-]{subsection.3.2}{Projeto do Hardware}{section.3}% 24
\BOOKMARK [3][-]{subsubsection.3.2.1}{C8051F340DK}{subsection.3.2}% 25
\BOOKMARK [3][-]{subsubsection.3.2.2}{Sensor IR 2Y0A02F98}{subsection.3.2}% 26
\BOOKMARK [3][-]{subsubsection.3.2.3}{Placa de Roteamento}{subsection.3.2}% 27
\BOOKMARK [3][-]{subsubsection.3.2.4}{Webcam}{subsection.3.2}% 28
\BOOKMARK [3][-]{subsubsection.3.2.5}{Rob\364 Bellator}{subsection.3.2}% 29
\BOOKMARK [3][-]{subsubsection.3.2.6}{PC embarcado}{subsection.3.2}% 30
\BOOKMARK [3][-]{subsubsection.3.2.7}{Interconex\343o do Hardware}{subsection.3.2}% 31
\BOOKMARK [3][-]{subsubsection.3.2.8}{Joystick}{subsection.3.2}% 32
\BOOKMARK [1][-]{section.4}{Execu\347\343o}{}% 33
\BOOKMARK [2][-]{subsection.4.1}{Estado do Sistema}{section.4}% 34
\BOOKMARK [2][-]{subsection.4.2}{Software Supervisor Remoto}{section.4}% 35
\BOOKMARK [3][-]{subsubsection.4.2.1}{Util}{subsection.4.2}% 36
\BOOKMARK [3][-]{subsubsection.4.2.2}{Principal}{subsection.4.2}% 37
\BOOKMARK [3][-]{subsubsection.4.2.3}{Controlador}{subsection.4.2}% 38
\BOOKMARK [3][-]{subsubsection.4.2.4}{Comunica\347\343o}{subsection.4.2}% 39
\BOOKMARK [3][-]{subsubsection.4.2.5}{Interface Gr\341fica}{subsection.4.2}% 40
\BOOKMARK [2][-]{subsection.4.3}{Software de Baixo N\355vel}{section.4}% 41
\BOOKMARK [3][-]{subsubsection.4.3.1}{Migra\347\343o para C8051F340DK}{subsection.4.3}% 42
\BOOKMARK [3][-]{subsubsection.4.3.2}{Funcionamento do Software}{subsection.4.3}% 43
\BOOKMARK [1][-]{section.5}{Considera\347\365es Finais}{}% 44
\BOOKMARK [2][-]{subsection.5.1}{Resultados}{section.5}% 45
\BOOKMARK [2][-]{subsection.5.2}{Conclus\343o}{section.5}% 46
\BOOKMARK [2][-]{subsection.5.3}{Trabalhos Futuros}{section.5}% 47
\BOOKMARK [1][-]{subsection.5.3}{Refer\352ncias}{}% 48
\BOOKMARK [1][-]{section*.3}{Anexo A - Protocolo}{}% 49
